Linked: (/home/spin/catkin_ws/devel/.private/fkie_multimaster_msgs/lib/pkgconfig/fkie_multimaster_msgs.pc, /home/spin/catkin_ws/devel/lib/pkgconfig/fkie_multimaster_msgs.pc)
Linked: (/home/spin/catkin_ws/devel/.private/fkie_multimaster_msgs/lib/python3/dist-packages/fkie_multimaster_msgs/__init__.py, /home/spin/catkin_ws/devel/lib/python3/dist-packages/fkie_multimaster_msgs/__init__.py)
Linked: (/home/spin/catkin_ws/devel/.private/fkie_multimaster_msgs/lib/python3/dist-packages/fkie_multimaster_msgs/srv/_Task.py, /home/spin/catkin_ws/devel/lib/python3/dist-packages/fkie_multimaster_msgs/srv/_Task.py)
Linked: (/home/spin/catkin_ws/devel/.private/fkie_multimaster_msgs/lib/python3/dist-packages/fkie_multimaster_msgs/srv/_DiscoverMasters.py, /home/spin/catkin_ws/devel/lib/python3/dist-packages/fkie_multimaster_msgs/srv/_DiscoverMasters.py)
Linked: (/home/spin/catkin_ws/devel/.private/fkie_multimaster_msgs/lib/python3/dist-packages/fkie_multimaster_msgs/srv/__init__.py, /home/spin/catkin_ws/devel/lib/python3/dist-packages/fkie_multimaster_msgs/srv/__init__.py)
Linked: (/home/spin/catkin_ws/devel/.private/fkie_multimaster_msgs/lib/python3/dist-packages/fkie_multimaster_msgs/srv/_GetSyncInfo.py, /home/spin/catkin_ws/devel/lib/python3/dist-packages/fkie_multimaster_msgs/srv/_GetSyncInfo.py)
Linked: (/home/spin/catkin_ws/devel/.private/fkie_multimaster_msgs/lib/python3/dist-packages/fkie_multimaster_msgs/srv/_LoadLaunch.py, /home/spin/catkin_ws/devel/lib/python3/dist-packages/fkie_multimaster_msgs/srv/_LoadLaunch.py)
Linked: (/home/spin/catkin_ws/devel/.private/fkie_multimaster_msgs/lib/python3/dist-packages/fkie_multimaster_msgs/grpc/launch_pb2.py, /home/spin/catkin_ws/devel/lib/python3/dist-packages/fkie_multimaster_msgs/grpc/launch_pb2.py)
Linked: (/home/spin/catkin_ws/devel/.private/fkie_multimaster_msgs/lib/python3/dist-packages/fkie_multimaster_msgs/grpc/screen_pb2.py, /home/spin/catkin_ws/devel/lib/python3/dist-packages/fkie_multimaster_msgs/grpc/screen_pb2.py)
Linked: (/home/spin/catkin_ws/devel/.private/fkie_multimaster_msgs/lib/python3/dist-packages/fkie_multimaster_msgs/grpc/file_pb2.py, /home/spin/catkin_ws/devel/lib/python3/dist-packages/fkie_multimaster_msgs/grpc/file_pb2.py)
Linked: (/home/spin/catkin_ws/devel/.private/fkie_multimaster_msgs/lib/python3/dist-packages/fkie_multimaster_msgs/grpc/settings.proto, /home/spin/catkin_ws/devel/lib/python3/dist-packages/fkie_multimaster_msgs/grpc/settings.proto)
Linked: (/home/spin/catkin_ws/devel/.private/fkie_multimaster_msgs/lib/python3/dist-packages/fkie_multimaster_msgs/grpc/screen_pb2_grpc.py, /home/spin/catkin_ws/devel/lib/python3/dist-packages/fkie_multimaster_msgs/grpc/screen_pb2_grpc.py)
Linked: (/home/spin/catkin_ws/devel/.private/fkie_multimaster_msgs/lib/python3/dist-packages/fkie_multimaster_msgs/grpc/screen.proto, /home/spin/catkin_ws/devel/lib/python3/dist-packages/fkie_multimaster_msgs/grpc/screen.proto)
Linked: (/home/spin/catkin_ws/devel/.private/fkie_multimaster_msgs/lib/python3/dist-packages/fkie_multimaster_msgs/grpc/settings_pb2.py, /home/spin/catkin_ws/devel/lib/python3/dist-packages/fkie_multimaster_msgs/grpc/settings_pb2.py)
Linked: (/home/spin/catkin_ws/devel/.private/fkie_multimaster_msgs/lib/python3/dist-packages/fkie_multimaster_msgs/grpc/version_pb2.py, /home/spin/catkin_ws/devel/lib/python3/dist-packages/fkie_multimaster_msgs/grpc/version_pb2.py)
Linked: (/home/spin/catkin_ws/devel/.private/fkie_multimaster_msgs/lib/python3/dist-packages/fkie_multimaster_msgs/grpc/file_pb2_grpc.py, /home/spin/catkin_ws/devel/lib/python3/dist-packages/fkie_multimaster_msgs/grpc/file_pb2_grpc.py)
Linked: (/home/spin/catkin_ws/devel/.private/fkie_multimaster_msgs/lib/python3/dist-packages/fkie_multimaster_msgs/grpc/monitor_pb2_grpc.py, /home/spin/catkin_ws/devel/lib/python3/dist-packages/fkie_multimaster_msgs/grpc/monitor_pb2_grpc.py)
Linked: (/home/spin/catkin_ws/devel/.private/fkie_multimaster_msgs/lib/python3/dist-packages/fkie_multimaster_msgs/grpc/file.proto, /home/spin/catkin_ws/devel/lib/python3/dist-packages/fkie_multimaster_msgs/grpc/file.proto)
Linked: (/home/spin/catkin_ws/devel/.private/fkie_multimaster_msgs/lib/python3/dist-packages/fkie_multimaster_msgs/grpc/version_pb2_grpc.py, /home/spin/catkin_ws/devel/lib/python3/dist-packages/fkie_multimaster_msgs/grpc/version_pb2_grpc.py)
Linked: (/home/spin/catkin_ws/devel/.private/fkie_multimaster_msgs/lib/python3/dist-packages/fkie_multimaster_msgs/grpc/launch_pb2_grpc.py, /home/spin/catkin_ws/devel/lib/python3/dist-packages/fkie_multimaster_msgs/grpc/launch_pb2_grpc.py)
Linked: (/home/spin/catkin_ws/devel/.private/fkie_multimaster_msgs/lib/python3/dist-packages/fkie_multimaster_msgs/grpc/monitor.proto, /home/spin/catkin_ws/devel/lib/python3/dist-packages/fkie_multimaster_msgs/grpc/monitor.proto)
Linked: (/home/spin/catkin_ws/devel/.private/fkie_multimaster_msgs/lib/python3/dist-packages/fkie_multimaster_msgs/grpc/__init__.py, /home/spin/catkin_ws/devel/lib/python3/dist-packages/fkie_multimaster_msgs/grpc/__init__.py)
Linked: (/home/spin/catkin_ws/devel/.private/fkie_multimaster_msgs/lib/python3/dist-packages/fkie_multimaster_msgs/grpc/version.proto, /home/spin/catkin_ws/devel/lib/python3/dist-packages/fkie_multimaster_msgs/grpc/version.proto)
Linked: (/home/spin/catkin_ws/devel/.private/fkie_multimaster_msgs/lib/python3/dist-packages/fkie_multimaster_msgs/grpc/monitor_pb2.py, /home/spin/catkin_ws/devel/lib/python3/dist-packages/fkie_multimaster_msgs/grpc/monitor_pb2.py)
Linked: (/home/spin/catkin_ws/devel/.private/fkie_multimaster_msgs/lib/python3/dist-packages/fkie_multimaster_msgs/grpc/settings_pb2_grpc.py, /home/spin/catkin_ws/devel/lib/python3/dist-packages/fkie_multimaster_msgs/grpc/settings_pb2_grpc.py)
Linked: (/home/spin/catkin_ws/devel/.private/fkie_multimaster_msgs/lib/python3/dist-packages/fkie_multimaster_msgs/grpc/launch.proto, /home/spin/catkin_ws/devel/lib/python3/dist-packages/fkie_multimaster_msgs/grpc/launch.proto)
Linked: (/home/spin/catkin_ws/devel/.private/fkie_multimaster_msgs/lib/python3/dist-packages/fkie_multimaster_msgs/msg/_ROSMaster.py, /home/spin/catkin_ws/devel/lib/python3/dist-packages/fkie_multimaster_msgs/msg/_ROSMaster.py)
Linked: (/home/spin/catkin_ws/devel/.private/fkie_multimaster_msgs/lib/python3/dist-packages/fkie_multimaster_msgs/msg/_LinkStatesStamped.py, /home/spin/catkin_ws/devel/lib/python3/dist-packages/fkie_multimaster_msgs/msg/_LinkStatesStamped.py)
Linked: (/home/spin/catkin_ws/devel/.private/fkie_multimaster_msgs/lib/python3/dist-packages/fkie_multimaster_msgs/msg/_LinkState.py, /home/spin/catkin_ws/devel/lib/python3/dist-packages/fkie_multimaster_msgs/msg/_LinkState.py)
Linked: (/home/spin/catkin_ws/devel/.private/fkie_multimaster_msgs/lib/python3/dist-packages/fkie_multimaster_msgs/msg/_SyncServiceInfo.py, /home/spin/catkin_ws/devel/lib/python3/dist-packages/fkie_multimaster_msgs/msg/_SyncServiceInfo.py)
Linked: (/home/spin/catkin_ws/devel/.private/fkie_multimaster_msgs/lib/python3/dist-packages/fkie_multimaster_msgs/msg/_MasterState.py, /home/spin/catkin_ws/devel/lib/python3/dist-packages/fkie_multimaster_msgs/msg/_MasterState.py)
Linked: (/home/spin/catkin_ws/devel/.private/fkie_multimaster_msgs/lib/python3/dist-packages/fkie_multimaster_msgs/msg/_SyncMasterInfo.py, /home/spin/catkin_ws/devel/lib/python3/dist-packages/fkie_multimaster_msgs/msg/_SyncMasterInfo.py)
Linked: (/home/spin/catkin_ws/devel/.private/fkie_multimaster_msgs/lib/python3/dist-packages/fkie_multimaster_msgs/msg/__init__.py, /home/spin/catkin_ws/devel/lib/python3/dist-packages/fkie_multimaster_msgs/msg/__init__.py)
Linked: (/home/spin/catkin_ws/devel/.private/fkie_multimaster_msgs/lib/python3/dist-packages/fkie_multimaster_msgs/msg/_SyncTopicInfo.py, /home/spin/catkin_ws/devel/lib/python3/dist-packages/fkie_multimaster_msgs/msg/_SyncTopicInfo.py)
Linked: (/home/spin/catkin_ws/devel/.private/fkie_multimaster_msgs/include/fkie_multimaster_msgs/LinkState.h, /home/spin/catkin_ws/devel/include/fkie_multimaster_msgs/LinkState.h)
Linked: (/home/spin/catkin_ws/devel/.private/fkie_multimaster_msgs/include/fkie_multimaster_msgs/GetSyncInfoResponse.h, /home/spin/catkin_ws/devel/include/fkie_multimaster_msgs/GetSyncInfoResponse.h)
Linked: (/home/spin/catkin_ws/devel/.private/fkie_multimaster_msgs/include/fkie_multimaster_msgs/MasterState.h, /home/spin/catkin_ws/devel/include/fkie_multimaster_msgs/MasterState.h)
Linked: (/home/spin/catkin_ws/devel/.private/fkie_multimaster_msgs/include/fkie_multimaster_msgs/GetSyncInfo.h, /home/spin/catkin_ws/devel/include/fkie_multimaster_msgs/GetSyncInfo.h)
Linked: (/home/spin/catkin_ws/devel/.private/fkie_multimaster_msgs/include/fkie_multimaster_msgs/TaskRequest.h, /home/spin/catkin_ws/devel/include/fkie_multimaster_msgs/TaskRequest.h)
Linked: (/home/spin/catkin_ws/devel/.private/fkie_multimaster_msgs/include/fkie_multimaster_msgs/SyncServiceInfo.h, /home/spin/catkin_ws/devel/include/fkie_multimaster_msgs/SyncServiceInfo.h)
Linked: (/home/spin/catkin_ws/devel/.private/fkie_multimaster_msgs/include/fkie_multimaster_msgs/DiscoverMastersRequest.h, /home/spin/catkin_ws/devel/include/fkie_multimaster_msgs/DiscoverMastersRequest.h)
Linked: (/home/spin/catkin_ws/devel/.private/fkie_multimaster_msgs/include/fkie_multimaster_msgs/SyncMasterInfo.h, /home/spin/catkin_ws/devel/include/fkie_multimaster_msgs/SyncMasterInfo.h)
Linked: (/home/spin/catkin_ws/devel/.private/fkie_multimaster_msgs/include/fkie_multimaster_msgs/LoadLaunch.h, /home/spin/catkin_ws/devel/include/fkie_multimaster_msgs/LoadLaunch.h)
Linked: (/home/spin/catkin_ws/devel/.private/fkie_multimaster_msgs/include/fkie_multimaster_msgs/ROSMaster.h, /home/spin/catkin_ws/devel/include/fkie_multimaster_msgs/ROSMaster.h)
Linked: (/home/spin/catkin_ws/devel/.private/fkie_multimaster_msgs/include/fkie_multimaster_msgs/TaskResponse.h, /home/spin/catkin_ws/devel/include/fkie_multimaster_msgs/TaskResponse.h)
Linked: (/home/spin/catkin_ws/devel/.private/fkie_multimaster_msgs/include/fkie_multimaster_msgs/DiscoverMastersResponse.h, /home/spin/catkin_ws/devel/include/fkie_multimaster_msgs/DiscoverMastersResponse.h)
Linked: (/home/spin/catkin_ws/devel/.private/fkie_multimaster_msgs/include/fkie_multimaster_msgs/LoadLaunchRequest.h, /home/spin/catkin_ws/devel/include/fkie_multimaster_msgs/LoadLaunchRequest.h)
Linked: (/home/spin/catkin_ws/devel/.private/fkie_multimaster_msgs/include/fkie_multimaster_msgs/LoadLaunchResponse.h, /home/spin/catkin_ws/devel/include/fkie_multimaster_msgs/LoadLaunchResponse.h)
Linked: (/home/spin/catkin_ws/devel/.private/fkie_multimaster_msgs/include/fkie_multimaster_msgs/SyncTopicInfo.h, /home/spin/catkin_ws/devel/include/fkie_multimaster_msgs/SyncTopicInfo.h)
Linked: (/home/spin/catkin_ws/devel/.private/fkie_multimaster_msgs/include/fkie_multimaster_msgs/GetSyncInfoRequest.h, /home/spin/catkin_ws/devel/include/fkie_multimaster_msgs/GetSyncInfoRequest.h)
Linked: (/home/spin/catkin_ws/devel/.private/fkie_multimaster_msgs/include/fkie_multimaster_msgs/Task.h, /home/spin/catkin_ws/devel/include/fkie_multimaster_msgs/Task.h)
Linked: (/home/spin/catkin_ws/devel/.private/fkie_multimaster_msgs/include/fkie_multimaster_msgs/DiscoverMasters.h, /home/spin/catkin_ws/devel/include/fkie_multimaster_msgs/DiscoverMasters.h)
Linked: (/home/spin/catkin_ws/devel/.private/fkie_multimaster_msgs/include/fkie_multimaster_msgs/LinkStatesStamped.h, /home/spin/catkin_ws/devel/include/fkie_multimaster_msgs/LinkStatesStamped.h)
Linked: (/home/spin/catkin_ws/devel/.private/fkie_multimaster_msgs/share/fkie_multimaster_msgs/cmake/fkie_multimaster_msgs-msg-extras.cmake, /home/spin/catkin_ws/devel/share/fkie_multimaster_msgs/cmake/fkie_multimaster_msgs-msg-extras.cmake)
Linked: (/home/spin/catkin_ws/devel/.private/fkie_multimaster_msgs/share/fkie_multimaster_msgs/cmake/fkie_multimaster_msgs-msg-paths.cmake, /home/spin/catkin_ws/devel/share/fkie_multimaster_msgs/cmake/fkie_multimaster_msgs-msg-paths.cmake)
Linked: (/home/spin/catkin_ws/devel/.private/fkie_multimaster_msgs/share/fkie_multimaster_msgs/cmake/fkie_multimaster_msgsConfig-version.cmake, /home/spin/catkin_ws/devel/share/fkie_multimaster_msgs/cmake/fkie_multimaster_msgsConfig-version.cmake)
Linked: (/home/spin/catkin_ws/devel/.private/fkie_multimaster_msgs/share/fkie_multimaster_msgs/cmake/fkie_multimaster_msgsConfig.cmake, /home/spin/catkin_ws/devel/share/fkie_multimaster_msgs/cmake/fkie_multimaster_msgsConfig.cmake)
Linked: (/home/spin/catkin_ws/devel/.private/fkie_multimaster_msgs/share/common-lisp/ros/fkie_multimaster_msgs/srv/DiscoverMasters.lisp, /home/spin/catkin_ws/devel/share/common-lisp/ros/fkie_multimaster_msgs/srv/DiscoverMasters.lisp)
Linked: (/home/spin/catkin_ws/devel/.private/fkie_multimaster_msgs/share/common-lisp/ros/fkie_multimaster_msgs/srv/LoadLaunch.lisp, /home/spin/catkin_ws/devel/share/common-lisp/ros/fkie_multimaster_msgs/srv/LoadLaunch.lisp)
Linked: (/home/spin/catkin_ws/devel/.private/fkie_multimaster_msgs/share/common-lisp/ros/fkie_multimaster_msgs/srv/Task.lisp, /home/spin/catkin_ws/devel/share/common-lisp/ros/fkie_multimaster_msgs/srv/Task.lisp)
Linked: (/home/spin/catkin_ws/devel/.private/fkie_multimaster_msgs/share/common-lisp/ros/fkie_multimaster_msgs/srv/_package_LoadLaunch.lisp, /home/spin/catkin_ws/devel/share/common-lisp/ros/fkie_multimaster_msgs/srv/_package_LoadLaunch.lisp)
Linked: (/home/spin/catkin_ws/devel/.private/fkie_multimaster_msgs/share/common-lisp/ros/fkie_multimaster_msgs/srv/_package_GetSyncInfo.lisp, /home/spin/catkin_ws/devel/share/common-lisp/ros/fkie_multimaster_msgs/srv/_package_GetSyncInfo.lisp)
Linked: (/home/spin/catkin_ws/devel/.private/fkie_multimaster_msgs/share/common-lisp/ros/fkie_multimaster_msgs/srv/_package.lisp, /home/spin/catkin_ws/devel/share/common-lisp/ros/fkie_multimaster_msgs/srv/_package.lisp)
Linked: (/home/spin/catkin_ws/devel/.private/fkie_multimaster_msgs/share/common-lisp/ros/fkie_multimaster_msgs/srv/_package_Task.lisp, /home/spin/catkin_ws/devel/share/common-lisp/ros/fkie_multimaster_msgs/srv/_package_Task.lisp)
Linked: (/home/spin/catkin_ws/devel/.private/fkie_multimaster_msgs/share/common-lisp/ros/fkie_multimaster_msgs/srv/_package_DiscoverMasters.lisp, /home/spin/catkin_ws/devel/share/common-lisp/ros/fkie_multimaster_msgs/srv/_package_DiscoverMasters.lisp)
Linked: (/home/spin/catkin_ws/devel/.private/fkie_multimaster_msgs/share/common-lisp/ros/fkie_multimaster_msgs/srv/fkie_multimaster_msgs-srv.asd, /home/spin/catkin_ws/devel/share/common-lisp/ros/fkie_multimaster_msgs/srv/fkie_multimaster_msgs-srv.asd)
Linked: (/home/spin/catkin_ws/devel/.private/fkie_multimaster_msgs/share/common-lisp/ros/fkie_multimaster_msgs/srv/GetSyncInfo.lisp, /home/spin/catkin_ws/devel/share/common-lisp/ros/fkie_multimaster_msgs/srv/GetSyncInfo.lisp)
Linked: (/home/spin/catkin_ws/devel/.private/fkie_multimaster_msgs/share/common-lisp/ros/fkie_multimaster_msgs/msg/SyncTopicInfo.lisp, /home/spin/catkin_ws/devel/share/common-lisp/ros/fkie_multimaster_msgs/msg/SyncTopicInfo.lisp)
Linked: (/home/spin/catkin_ws/devel/.private/fkie_multimaster_msgs/share/common-lisp/ros/fkie_multimaster_msgs/msg/LinkStatesStamped.lisp, /home/spin/catkin_ws/devel/share/common-lisp/ros/fkie_multimaster_msgs/msg/LinkStatesStamped.lisp)
Linked: (/home/spin/catkin_ws/devel/.private/fkie_multimaster_msgs/share/common-lisp/ros/fkie_multimaster_msgs/msg/_package_LinkState.lisp, /home/spin/catkin_ws/devel/share/common-lisp/ros/fkie_multimaster_msgs/msg/_package_LinkState.lisp)
Linked: (/home/spin/catkin_ws/devel/.private/fkie_multimaster_msgs/share/common-lisp/ros/fkie_multimaster_msgs/msg/_package_MasterState.lisp, /home/spin/catkin_ws/devel/share/common-lisp/ros/fkie_multimaster_msgs/msg/_package_MasterState.lisp)
Linked: (/home/spin/catkin_ws/devel/.private/fkie_multimaster_msgs/share/common-lisp/ros/fkie_multimaster_msgs/msg/_package_LinkStatesStamped.lisp, /home/spin/catkin_ws/devel/share/common-lisp/ros/fkie_multimaster_msgs/msg/_package_LinkStatesStamped.lisp)
Linked: (/home/spin/catkin_ws/devel/.private/fkie_multimaster_msgs/share/common-lisp/ros/fkie_multimaster_msgs/msg/LinkState.lisp, /home/spin/catkin_ws/devel/share/common-lisp/ros/fkie_multimaster_msgs/msg/LinkState.lisp)
Linked: (/home/spin/catkin_ws/devel/.private/fkie_multimaster_msgs/share/common-lisp/ros/fkie_multimaster_msgs/msg/_package_SyncMasterInfo.lisp, /home/spin/catkin_ws/devel/share/common-lisp/ros/fkie_multimaster_msgs/msg/_package_SyncMasterInfo.lisp)
Linked: (/home/spin/catkin_ws/devel/.private/fkie_multimaster_msgs/share/common-lisp/ros/fkie_multimaster_msgs/msg/_package_ROSMaster.lisp, /home/spin/catkin_ws/devel/share/common-lisp/ros/fkie_multimaster_msgs/msg/_package_ROSMaster.lisp)
Linked: (/home/spin/catkin_ws/devel/.private/fkie_multimaster_msgs/share/common-lisp/ros/fkie_multimaster_msgs/msg/_package_SyncServiceInfo.lisp, /home/spin/catkin_ws/devel/share/common-lisp/ros/fkie_multimaster_msgs/msg/_package_SyncServiceInfo.lisp)
Linked: (/home/spin/catkin_ws/devel/.private/fkie_multimaster_msgs/share/common-lisp/ros/fkie_multimaster_msgs/msg/MasterState.lisp, /home/spin/catkin_ws/devel/share/common-lisp/ros/fkie_multimaster_msgs/msg/MasterState.lisp)
Linked: (/home/spin/catkin_ws/devel/.private/fkie_multimaster_msgs/share/common-lisp/ros/fkie_multimaster_msgs/msg/_package.lisp, /home/spin/catkin_ws/devel/share/common-lisp/ros/fkie_multimaster_msgs/msg/_package.lisp)
Linked: (/home/spin/catkin_ws/devel/.private/fkie_multimaster_msgs/share/common-lisp/ros/fkie_multimaster_msgs/msg/fkie_multimaster_msgs-msg.asd, /home/spin/catkin_ws/devel/share/common-lisp/ros/fkie_multimaster_msgs/msg/fkie_multimaster_msgs-msg.asd)
Linked: (/home/spin/catkin_ws/devel/.private/fkie_multimaster_msgs/share/common-lisp/ros/fkie_multimaster_msgs/msg/SyncServiceInfo.lisp, /home/spin/catkin_ws/devel/share/common-lisp/ros/fkie_multimaster_msgs/msg/SyncServiceInfo.lisp)
Linked: (/home/spin/catkin_ws/devel/.private/fkie_multimaster_msgs/share/common-lisp/ros/fkie_multimaster_msgs/msg/SyncMasterInfo.lisp, /home/spin/catkin_ws/devel/share/common-lisp/ros/fkie_multimaster_msgs/msg/SyncMasterInfo.lisp)
Linked: (/home/spin/catkin_ws/devel/.private/fkie_multimaster_msgs/share/common-lisp/ros/fkie_multimaster_msgs/msg/_package_SyncTopicInfo.lisp, /home/spin/catkin_ws/devel/share/common-lisp/ros/fkie_multimaster_msgs/msg/_package_SyncTopicInfo.lisp)
Linked: (/home/spin/catkin_ws/devel/.private/fkie_multimaster_msgs/share/common-lisp/ros/fkie_multimaster_msgs/msg/ROSMaster.lisp, /home/spin/catkin_ws/devel/share/common-lisp/ros/fkie_multimaster_msgs/msg/ROSMaster.lisp)
Linked: (/home/spin/catkin_ws/devel/.private/fkie_multimaster_msgs/share/gennodejs/ros/fkie_multimaster_msgs/_index.js, /home/spin/catkin_ws/devel/share/gennodejs/ros/fkie_multimaster_msgs/_index.js)
Linked: (/home/spin/catkin_ws/devel/.private/fkie_multimaster_msgs/share/gennodejs/ros/fkie_multimaster_msgs/srv/DiscoverMasters.js, /home/spin/catkin_ws/devel/share/gennodejs/ros/fkie_multimaster_msgs/srv/DiscoverMasters.js)
Linked: (/home/spin/catkin_ws/devel/.private/fkie_multimaster_msgs/share/gennodejs/ros/fkie_multimaster_msgs/srv/_index.js, /home/spin/catkin_ws/devel/share/gennodejs/ros/fkie_multimaster_msgs/srv/_index.js)
Linked: (/home/spin/catkin_ws/devel/.private/fkie_multimaster_msgs/share/gennodejs/ros/fkie_multimaster_msgs/srv/Task.js, /home/spin/catkin_ws/devel/share/gennodejs/ros/fkie_multimaster_msgs/srv/Task.js)
Linked: (/home/spin/catkin_ws/devel/.private/fkie_multimaster_msgs/share/gennodejs/ros/fkie_multimaster_msgs/srv/LoadLaunch.js, /home/spin/catkin_ws/devel/share/gennodejs/ros/fkie_multimaster_msgs/srv/LoadLaunch.js)
Linked: (/home/spin/catkin_ws/devel/.private/fkie_multimaster_msgs/share/gennodejs/ros/fkie_multimaster_msgs/srv/GetSyncInfo.js, /home/spin/catkin_ws/devel/share/gennodejs/ros/fkie_multimaster_msgs/srv/GetSyncInfo.js)
Linked: (/home/spin/catkin_ws/devel/.private/fkie_multimaster_msgs/share/gennodejs/ros/fkie_multimaster_msgs/msg/_index.js, /home/spin/catkin_ws/devel/share/gennodejs/ros/fkie_multimaster_msgs/msg/_index.js)
Linked: (/home/spin/catkin_ws/devel/.private/fkie_multimaster_msgs/share/gennodejs/ros/fkie_multimaster_msgs/msg/ROSMaster.js, /home/spin/catkin_ws/devel/share/gennodejs/ros/fkie_multimaster_msgs/msg/ROSMaster.js)
Linked: (/home/spin/catkin_ws/devel/.private/fkie_multimaster_msgs/share/gennodejs/ros/fkie_multimaster_msgs/msg/MasterState.js, /home/spin/catkin_ws/devel/share/gennodejs/ros/fkie_multimaster_msgs/msg/MasterState.js)
Linked: (/home/spin/catkin_ws/devel/.private/fkie_multimaster_msgs/share/gennodejs/ros/fkie_multimaster_msgs/msg/SyncServiceInfo.js, /home/spin/catkin_ws/devel/share/gennodejs/ros/fkie_multimaster_msgs/msg/SyncServiceInfo.js)
Linked: (/home/spin/catkin_ws/devel/.private/fkie_multimaster_msgs/share/gennodejs/ros/fkie_multimaster_msgs/msg/LinkStatesStamped.js, /home/spin/catkin_ws/devel/share/gennodejs/ros/fkie_multimaster_msgs/msg/LinkStatesStamped.js)
Linked: (/home/spin/catkin_ws/devel/.private/fkie_multimaster_msgs/share/gennodejs/ros/fkie_multimaster_msgs/msg/SyncMasterInfo.js, /home/spin/catkin_ws/devel/share/gennodejs/ros/fkie_multimaster_msgs/msg/SyncMasterInfo.js)
Linked: (/home/spin/catkin_ws/devel/.private/fkie_multimaster_msgs/share/gennodejs/ros/fkie_multimaster_msgs/msg/SyncTopicInfo.js, /home/spin/catkin_ws/devel/share/gennodejs/ros/fkie_multimaster_msgs/msg/SyncTopicInfo.js)
Linked: (/home/spin/catkin_ws/devel/.private/fkie_multimaster_msgs/share/gennodejs/ros/fkie_multimaster_msgs/msg/LinkState.js, /home/spin/catkin_ws/devel/share/gennodejs/ros/fkie_multimaster_msgs/msg/LinkState.js)
Linked: (/home/spin/catkin_ws/devel/.private/fkie_multimaster_msgs/share/roseus/ros/fkie_multimaster_msgs/manifest.l, /home/spin/catkin_ws/devel/share/roseus/ros/fkie_multimaster_msgs/manifest.l)
Linked: (/home/spin/catkin_ws/devel/.private/fkie_multimaster_msgs/share/roseus/ros/fkie_multimaster_msgs/srv/LoadLaunch.l, /home/spin/catkin_ws/devel/share/roseus/ros/fkie_multimaster_msgs/srv/LoadLaunch.l)
Linked: (/home/spin/catkin_ws/devel/.private/fkie_multimaster_msgs/share/roseus/ros/fkie_multimaster_msgs/srv/GetSyncInfo.l, /home/spin/catkin_ws/devel/share/roseus/ros/fkie_multimaster_msgs/srv/GetSyncInfo.l)
Linked: (/home/spin/catkin_ws/devel/.private/fkie_multimaster_msgs/share/roseus/ros/fkie_multimaster_msgs/srv/Task.l, /home/spin/catkin_ws/devel/share/roseus/ros/fkie_multimaster_msgs/srv/Task.l)
Linked: (/home/spin/catkin_ws/devel/.private/fkie_multimaster_msgs/share/roseus/ros/fkie_multimaster_msgs/srv/DiscoverMasters.l, /home/spin/catkin_ws/devel/share/roseus/ros/fkie_multimaster_msgs/srv/DiscoverMasters.l)
Linked: (/home/spin/catkin_ws/devel/.private/fkie_multimaster_msgs/share/roseus/ros/fkie_multimaster_msgs/msg/MasterState.l, /home/spin/catkin_ws/devel/share/roseus/ros/fkie_multimaster_msgs/msg/MasterState.l)
Linked: (/home/spin/catkin_ws/devel/.private/fkie_multimaster_msgs/share/roseus/ros/fkie_multimaster_msgs/msg/LinkState.l, /home/spin/catkin_ws/devel/share/roseus/ros/fkie_multimaster_msgs/msg/LinkState.l)
Linked: (/home/spin/catkin_ws/devel/.private/fkie_multimaster_msgs/share/roseus/ros/fkie_multimaster_msgs/msg/LinkStatesStamped.l, /home/spin/catkin_ws/devel/share/roseus/ros/fkie_multimaster_msgs/msg/LinkStatesStamped.l)
Linked: (/home/spin/catkin_ws/devel/.private/fkie_multimaster_msgs/share/roseus/ros/fkie_multimaster_msgs/msg/SyncTopicInfo.l, /home/spin/catkin_ws/devel/share/roseus/ros/fkie_multimaster_msgs/msg/SyncTopicInfo.l)
Linked: (/home/spin/catkin_ws/devel/.private/fkie_multimaster_msgs/share/roseus/ros/fkie_multimaster_msgs/msg/ROSMaster.l, /home/spin/catkin_ws/devel/share/roseus/ros/fkie_multimaster_msgs/msg/ROSMaster.l)
Linked: (/home/spin/catkin_ws/devel/.private/fkie_multimaster_msgs/share/roseus/ros/fkie_multimaster_msgs/msg/SyncServiceInfo.l, /home/spin/catkin_ws/devel/share/roseus/ros/fkie_multimaster_msgs/msg/SyncServiceInfo.l)
Linked: (/home/spin/catkin_ws/devel/.private/fkie_multimaster_msgs/share/roseus/ros/fkie_multimaster_msgs/msg/SyncMasterInfo.l, /home/spin/catkin_ws/devel/share/roseus/ros/fkie_multimaster_msgs/msg/SyncMasterInfo.l)
