Not searching for unused variables given on the command line.
[36m--[0m Using CATKIN_DEVEL_PREFIX: /home/spin/catkin_ws/devel/.private/fkie_master_discovery
[36m--[0m Using CMAKE_PREFIX_PATH: /home/spin/catkin_ws/devel;/opt/ros/noetic
[36m--[0m This workspace overlays: /home/spin/catkin_ws/devel;/opt/ros/noetic
[36m--[0m Found PythonInterp: /usr/bin/python3 (found suitable version "3.8.10", minimum required is "3")
[36m--[0m Using PYTHON_EXECUTABLE: /usr/bin/python3
[36m--[0m Using Debian Python package layout
[36m--[0m Using empy: /home/spin/.local/lib/python3.8/site-packages/em.py
[36m--[0m Using CATKIN_ENABLE_TESTING: ON
[36m--[0m Call enable_testing()
[36m--[0m Using CATKIN_TEST_RESULTS_DIR: /home/spin/catkin_ws/build/fkie_master_discovery/test_results
[36m--[0m Forcing gtest/gmock from source, though one was otherwise available.
[36m--[0m Found gtest sources under '/usr/src/googletest': gtests will be built
[36m--[0m Found gmock sources under '/usr/src/googletest': gmock will be built
[36m--[0m Found PythonInterp: /usr/bin/python3 (found version "3.8.10")
[36m--[0m Using Python nosetests: /usr/bin/nosetests3
[36m--[0m catkin 0.8.10
[36m--[0m BUILD_SHARED_LIBS is on
[36m--[0m Installing devel-space wrapper /home/spin/catkin_ws/src/multimaster/fkie_master_discovery/nodes/master_discovery to /home/spin/catkin_ws/devel/.private/fkie_master_discovery/lib/fkie_master_discovery
[36m--[0m Installing devel-space wrapper /home/spin/catkin_ws/src/multimaster/fkie_master_discovery/nodes/zeroconf to /home/spin/catkin_ws/devel/.private/fkie_master_discovery/lib/fkie_master_discovery
[36m--[0m Configuring done
[36m--[0m Generating done
[36m--[0m Build files have been written to: /home/spin/catkin_ws/build/fkie_master_discovery
